<?xml version="1.0" encoding="UTF-8"?>
<!-- Generated by org.testng.reporters.JUnitReportReporter -->
<testsuite hostname="MYTSP01714" failures="0" tests="4" name="TestNG1" time="23.793" errors="0" timestamp="2021-03-30T16:25:42 IST" skipped="0">
  <testcase classname="TestNG1" name="login" time="22.141"/>
  <system-out/>
  <testcase classname="TestNG1" name="max" time="0.266"/>
  <system-out/>
  <testcase classname="TestNG1" name="Single" time="0.143"/>
  <system-out/>
  <testcase classname="TestNG1" name="lose" time="1.243"/>
  <system-out/>
</testsuite> <!-- TestNG1 -->
