<?xml version="1.0" encoding="UTF-8"?>
<!-- Generated by org.testng.reporters.JUnitReportReporter -->
<testsuite hostname="MYTSP01714" failures="0" tests="3" name="BeforeAfter" time="0.004" errors="0" timestamp="2021-03-31T09:23:00 IST" skipped="0">
  <testcase classname="BeforeAfter" name="A" time="0.003"/>
  <system-out/>
  <testcase classname="BeforeAfter" name="C" time="0.001"/>
  <system-out/>
  <testcase classname="BeforeAfter" name="B" time="0.000"/>
  <system-out/>
</testsuite> <!-- BeforeAfter -->
