<?xml version="1.0" encoding="UTF-8"?>
<!-- Generated by org.testng.reporters.JUnitReportReporter -->
<testsuite hostname="MYTSP01714" failures="0" tests="4" name="TestNG2" time="10.311" errors="0" timestamp="2021-03-30T16:28:08 IST" skipped="0">
  <testcase classname="TestNG2" name="login" time="8.066"/>
  <system-out/>
  <testcase classname="TestNG2" name="max" time="0.271"/>
  <system-out/>
  <testcase classname="TestNG2" name="Verify" time="0.767"/>
  <system-out/>
  <testcase classname="TestNG2" name="lose" time="1.207"/>
  <system-out/>
</testsuite> <!-- TestNG2 -->
